<?xml version="1.0" encoding="UTF-8"?>
<!-- Generated by org.testng.reporters.JUnitReportReporter -->
<testsuite hostname="DESKTOP-PQAQEE1" failures="0" tests="3" name="Listener.GoogleSearchPageText_TestNG2" time="0.022" errors="1" timestamp="2022-07-22T17:00:23 WAT" skipped="2">
  <testcase classname="Listener.GoogleSearchPageText_TestNG2" name="SetUpTest" time="0.022">
    <error message="Cannot invoke &quot;String.equalsIgnoreCase(String)&quot; because &quot;Listener.GoogleSearchPageText_TestNG2.browserName&quot; is null" type="java.lang.NullPointerException">
      <![CDATA[java.lang.NullPointerException: Cannot invoke "String.equalsIgnoreCase(String)" because "Listener.GoogleSearchPageText_TestNG2.browserName" is null
at Listener.GoogleSearchPageText_TestNG2.SetUpTest(GoogleSearchPageText_TestNG2.java:23)
at java.base/jdk.internal.reflect.NativeMethodAccessorImpl.invoke0(Native Method)
at java.base/jdk.internal.reflect.NativeMethodAccessorImpl.invoke(NativeMethodAccessorImpl.java:77)
at java.base/jdk.internal.reflect.DelegatingMethodAccessorImpl.invoke(DelegatingMethodAccessorImpl.java:43)
at java.base/java.lang.reflect.Method.invoke(Method.java:568)
at org.testng.internal.MethodInvocationHelper.invokeMethod(MethodInvocationHelper.java:133)
at org.testng.internal.MethodInvocationHelper.invokeMethodConsideringTimeout(MethodInvocationHelper.java:62)
at org.testng.internal.ConfigInvoker.invokeConfigurationMethod(ConfigInvoker.java:385)
at org.testng.internal.ConfigInvoker.invokeConfigurations(ConfigInvoker.java:321)
at org.testng.TestRunner.invokeTestConfigurations(TestRunner.java:637)
at org.testng.TestRunner.beforeRun(TestRunner.java:627)
at org.testng.TestRunner.run(TestRunner.java:589)
at org.testng.SuiteRunner.runTest(SuiteRunner.java:377)
at org.testng.SuiteRunner.runSequentially(SuiteRunner.java:371)
at org.testng.SuiteRunner.privateRun(SuiteRunner.java:332)
at org.testng.SuiteRunner.run(SuiteRunner.java:276)
at org.testng.SuiteRunnerWorker.runSuite(SuiteRunnerWorker.java:53)
at org.testng.SuiteRunnerWorker.run(SuiteRunnerWorker.java:96)
at org.testng.TestNG.runSuitesSequentially(TestNG.java:1212)
at org.testng.TestNG.runSuitesLocally(TestNG.java:1134)
at org.testng.TestNG.runSuites(TestNG.java:1063)
at org.testng.TestNG.run(TestNG.java:1031)
at org.testng.remote.AbstractRemoteTestNG.run(AbstractRemoteTestNG.java:115)
at org.testng.remote.RemoteTestNG.initAndRun(RemoteTestNG.java:251)
at org.testng.remote.RemoteTestNG.main(RemoteTestNG.java:77)
]]>
    </error>
  </testcase> <!-- SetUpTest -->
  <system-out/>
  <testcase classname="Listener.GoogleSearchPageText_TestNG2" name="GoogleSearchTest2" time="0.000">
    <skipped/>
  </testcase> <!-- GoogleSearchTest2 -->
  <system-out/>
  <testcase classname="Listener.GoogleSearchPageText_TestNG2" name="GoogleSearchTest3" time="0.000">
    <skipped/>
  </testcase> <!-- GoogleSearchTest3 -->
  <system-out/>
</testsuite> <!-- Listener.GoogleSearchPageText_TestNG2 -->
